<?xml version="1.0" encoding="UTF-8"?>
<!-- Generated by org.testng.reporters.JUnitXMLReporter -->
<testsuite ignored="1" hostname="DESKTOP-0BC3S1D" failures="0" tests="1" name="Default test" time="0.14" errors="0" timestamp="03 Feb 2025 07:38:29 GMT">
  <testcase classname="String_Java_Pragrams.CompareTwoOccrance_InString" name="CompareTwoOccrance_Print_Highest_Char" time="0.032"/>
  <testcase classname="String_Java_Pragrams.CompareTwoOccrance_InString" name="test" time="0.0">
    <ignored/>
  </testcase> <!-- test -->
</testsuite> <!-- Default test -->
