<?xml version="1.0" encoding="UTF-8"?>
<!-- Generated by org.testng.reporters.JUnitXMLReporter -->
<testsuite ignored="2" hostname="DESKTOP-0BC3S1D" failures="0" tests="1" name="Default test" time="0.117" errors="0" timestamp="22 Jan 2025 10:24:01 GMT">
  <testcase classname="String_Java_Pragrams.Compare_Two_List" name="commonElement" time="0.023"/>
  <testcase classname="String_Java_Pragrams.Compare_Two_List" name="Compare_Two_List2" time="0.0">
    <ignored/>
  </testcase> <!-- Compare_Two_List2 -->
  <testcase classname="String_Java_Pragrams.Compare_Two_List" name="compareString" time="0.0">
    <ignored/>
  </testcase> <!-- compareString -->
</testsuite> <!-- Default test -->
