<?xml version="1.0" encoding="UTF-8"?>
<testng-results ignored="1" total="2" passed="1" failed="0" skipped="0">
  <reporter-output>
  </reporter-output>
  <suite started-at="2025-02-03T07:38:23Z" name="Default suite" finished-at="2025-02-03T07:38:23Z" duration-ms="140">
    <groups>
    </groups>
    <test started-at="2025-02-03T07:38:23Z" name="Default test" finished-at="2025-02-03T07:38:23Z" duration-ms="140">
      <class name="String_Java_Pragrams.CompareTwoOccrance_InString">
        <test-method signature="CompareTwoOccrance_Print_Highest_Char()[pri:0, instance:String_Java_Pragrams.CompareTwoOccrance_InString@68df9280]" started-at="2025-02-03T07:38:23Z" name="CompareTwoOccrance_Print_Highest_Char" finished-at="2025-02-03T07:38:23Z" duration-ms="32" status="PASS">
          <reporter-output>
          </reporter-output>
        </test-method> <!-- CompareTwoOccrance_Print_Highest_Char -->
      </class> <!-- String_Java_Pragrams.CompareTwoOccrance_InString -->
    </test> <!-- Default test -->
  </suite> <!-- Default suite -->
</testng-results>
