<?xml version="1.0" encoding="UTF-8"?>
<testng-results ignored="2" total="3" passed="1" failed="0" skipped="0">
  <reporter-output>
  </reporter-output>
  <suite started-at="2025-01-22T10:24:00Z" name="Default suite" finished-at="2025-01-22T10:24:00Z" duration-ms="117">
    <groups>
    </groups>
    <test started-at="2025-01-22T10:24:00Z" name="Default test" finished-at="2025-01-22T10:24:00Z" duration-ms="117">
      <class name="String_Java_Pragrams.Compare_Two_List">
        <test-method signature="commonElement()[pri:0, instance:String_Java_Pragrams.Compare_Two_List@479460a6]" started-at="2025-01-22T10:24:00Z" name="commonElement" finished-at="2025-01-22T10:24:00Z" duration-ms="23" status="PASS">
          <reporter-output>
          </reporter-output>
        </test-method> <!-- commonElement -->
      </class> <!-- String_Java_Pragrams.Compare_Two_List -->
    </test> <!-- Default test -->
  </suite> <!-- Default suite -->
</testng-results>
